2026-01-13 21:21:32 - {
  "entry": [
    {
      "changes": [
        {
          "value": {
            "messages": [
              {
                "from": "5491112345678",
                "text": {
                  "body": "Hola prueba"
                }
              }
            ]
          }
        }
      ]
    }
  ]
}

2026-01-13 21:47:09 - {
  "entry": [
    {
      "changes": [
        {
          "value": {
            "messages": [
              {
                "from": "5491112345678",
                "text": {
                  "body": "Hola prueba"
                }
              }
            ]
          }
        }
      ]
    }
  ]
}

2026-01-13 21:55:21 - {
  "entry": [
    {
      "changes": [
        {
          "value": {
            "messages": [
              {
                "from": "5491112345678",
                "text": {
                  "body": "Hola prueba"
                }
              }
            ]
          }
        }
      ]
    }
  ]
}

